<?xml version="1.0" encoding="utf-8"?><testsuites name="pytest tests"><testsuite name="pytest" errors="0" failures="0" skipped="0" tests="12" time="4.054" timestamp="2026-09-05T11:26:42.541752+00:00" hostname="agent-env-e87c2cf5-7ebb-493c-9ee6-928d915fa52a"><testcase classname="tests.test_iter6_features" name="test_genre_16_mixed_has_both_types" time="0.619" /><testcase classname="tests.test_iter6_features" name="test_available_sections_are_mixed_no_banned" time="0.107" /><testcase classname="tests.test_iter6_features" name="test_hero_returns_content" time="0.271" /><testcase classname="tests.test_iter6_features" name="test_public_endpoints[/public/search?q=matrix]" time="0.164" /><testcase classname="tests.test_iter6_features" name="test_public_endpoints[/public/homepage/trending]" time="0.269" /><testcase classname="tests.test_iter6_features" name="test_public_endpoints[/public/homepage/latest]" time="0.298" /><testcase classname="tests.test_iter6_features" name="test_public_endpoints[/public/top10]" time="0.446" /><testcase classname="tests.test_iter6_features" name="test_public_endpoints[/public/tmdb/upcoming]" time="0.171" /><testcase classname="tests.test_iter6_features" name="test_register_new_user" time="0.319" /><testcase classname="tests.test_iter6_features" name="test_login_existing" time="0.319" /><testcase classname="tests.test_iter6_features" name="test_login_wrong_password" time="0.317" /><testcase classname="tests.test_iter6_features" name="test_repeated_tmdb_call_cache" time="0.254" /></testsuite></testsuites>