<?xml version="1.0" encoding="utf-8"?><testsuites name="pytest tests"><testsuite name="pytest" errors="0" failures="0" skipped="0" tests="14" time="6.170" timestamp="2026-09-04T19:48:31.587558+00:00" hostname="agent-env-a939b60f-d157-484c-9eaf-b374ae3f98ba"><testcase classname="backend.tests.test_iter4_availability_trailer" name="test_availability_get_available" time="0.588" /><testcase classname="backend.tests.test_iter4_availability_trailer" name="test_availability_get_unavailable" time="0.049" /><testcase classname="backend.tests.test_iter4_availability_trailer" name="test_availability_bulk" time="0.103" /><testcase classname="backend.tests.test_iter4_availability_trailer" name="test_filtered_endpoints_only_available[/api/public/homepage/trending]" time="1.154" /><testcase classname="backend.tests.test_iter4_availability_trailer" name="test_filtered_endpoints_only_available[/api/public/tmdb/genre/37/movie]" time="0.478" /><testcase classname="backend.tests.test_iter4_availability_trailer" name="test_filtered_endpoints_only_available[/api/public/tmdb/popular/tv]" time="0.662" /><testcase classname="backend.tests.test_iter4_availability_trailer" name="test_filtered_endpoints_only_available[/api/public/top10]" time="0.970" /><testcase classname="backend.tests.test_iter4_availability_trailer" name="test_upcoming_not_filtered" time="0.185" /><testcase classname="backend.tests.test_iter4_availability_trailer" name="test_trailer_tv_ok" time="0.046" /><testcase classname="backend.tests.test_iter4_availability_trailer" name="test_trailer_movie_missing" time="0.170" /><testcase classname="backend.tests.test_iter4_availability_trailer" name="test_admin_settings_unauth" time="0.064" /><testcase classname="backend.tests.test_iter4_availability_trailer" name="test_admin_settings_get" time="0.329" /><testcase classname="backend.tests.test_iter4_availability_trailer" name="test_admin_settings_put_and_fallback" time="0.330" /><testcase classname="backend.tests.test_iter4_availability_trailer" name="test_admin_refresh_catalog" time="0.978" /></testsuite></testsuites>