<?xml version="1.0" encoding="utf-8"?><testsuites name="pytest tests"><testsuite name="pytest" errors="0" failures="0" skipped="0" tests="7" time="2.123" timestamp="2026-09-05T10:17:46.814296+00:00" hostname="agent-env-e87c2cf5-7ebb-493c-9ee6-928d915fa52a"><testcase classname="tests.test_smoke_iter5" name="test_health" time="0.252" /><testcase classname="tests.test_smoke_iter5" name="test_trending" time="0.268" /><testcase classname="tests.test_smoke_iter5" name="test_content_movie_550" time="0.148" /><testcase classname="tests.test_smoke_iter5" name="test_content_tv_1399" time="0.231" /><testcase classname="tests.test_smoke_iter5" name="test_search" time="0.109" /><testcase classname="tests.test_smoke_iter5" name="test_admin_login" time="0.265" /><testcase classname="tests.test_smoke_iter5" name="test_public_sections" time="0.048" /></testsuite></testsuites>