<?xml version="1.0" encoding="utf-8"?><testsuites name="pytest tests"><testsuite name="pytest" errors="0" failures="1" skipped="0" tests="14" time="4.184" timestamp="2026-09-04T18:51:06.900497+00:00" hostname="agent-env-a939b60f-d157-484c-9eaf-b374ae3f98ba"><testcase classname="backend.tests.test_flixit_api" name="test_health" time="0.303" /><testcase classname="backend.tests.test_flixit_api" name="test_media_assets_tv_76479" time="0.086" /><testcase classname="backend.tests.test_flixit_api" name="test_media_assets_movie_runtime" time="0.271"><failure message="AssertionError: {&quot;detail&quot;:[{&quot;type&quot;:&quot;int_parsing&quot;,&quot;loc&quot;:[&quot;path&quot;,&quot;tmdb_id&quot;],&quot;msg&quot;:&quot;Input should be a valid integer, unable to parse string as an integer&quot;,&quot;input&quot;:&quot;None&quot;,&quot;url&quot;:&quot;https://errors.pydantic.dev/2.12/v/int_parsing&quot;}]}&#10;assert 422 == 200&#10; +  where 422 = &lt;Response [422]&gt;.status_code">backend/tests/test_flixit_api.py:52: in test_media_assets_movie_runtime
    assert r2.status_code == 200, r2.text
E   AssertionError: {"detail":[{"type":"int_parsing","loc":["path","tmdb_id"],"msg":"Input should be a valid integer, unable to parse string as an integer","input":"None","url":"https://errors.pydantic.dev/2.12/v/int_parsing"}]}
E   assert 422 == 200
E    +  where 422 = &lt;Response [422]&gt;.status_code</failure></testcase><testcase classname="backend.tests.test_flixit_api" name="test_media_assets_invalid" time="0.194" /><testcase classname="backend.tests.test_flixit_api" name="test_list_endpoints_have_media_fields[/api/public/homepage/trending]" time="0.164" /><testcase classname="backend.tests.test_flixit_api" name="test_list_endpoints_have_media_fields[/api/public/homepage/latest]" time="0.498" /><testcase classname="backend.tests.test_flixit_api" name="test_list_endpoints_have_media_fields[/api/public/top10]" time="0.955" /><testcase classname="backend.tests.test_flixit_api" name="test_list_endpoints_have_media_fields[/api/public/tmdb/upcoming]" time="0.188" /><testcase classname="backend.tests.test_flixit_api" name="test_list_endpoints_have_media_fields[/api/public/tmdb/genre/16/movie]" time="0.212" /><testcase classname="backend.tests.test_flixit_api" name="test_list_endpoints_have_media_fields[/api/public/tmdb/genre/18/tv?origin_country=KR]" time="0.215" /><testcase classname="backend.tests.test_flixit_api" name="test_list_endpoints_have_media_fields[/api/public/tmdb/popular/tv]" time="0.337" /><testcase classname="backend.tests.test_flixit_api" name="test_available_sections" time="0.074" /><testcase classname="backend.tests.test_flixit_api" name="test_public_sections" time="0.077" /><testcase classname="backend.tests.test_flixit_api" name="test_admin_login_and_sections" time="0.395" /></testsuite></testsuites>