<?xml version="1.0" encoding="utf-8"?><testsuites name="pytest tests"><testsuite name="pytest" errors="0" failures="1" skipped="0" tests="9" time="6.120" timestamp="2026-09-16T19:07:45.800684+00:00" hostname="agent-env-a83935c4-271a-4b19-a02e-cd60fcc3ff26"><testcase classname="tests.test_vixsrc_integration" name="test_health" time="0.406" /><testcase classname="tests.test_vixsrc_integration" name="test_vixsrc_movie_resolution" time="0.101" /><testcase classname="tests.test_vixsrc_integration" name="test_vixsrc_tv_resolution" time="0.099" /><testcase classname="tests.test_vixsrc_integration" name="test_proxy_master_manifest_headers_and_body" time="0.822" /><testcase classname="tests.test_vixsrc_integration" name="test_proxy_child_variant_and_segment" time="1.531" /><testcase classname="tests.test_vixsrc_integration" name="test_admin_login" time="0.563" /><testcase classname="tests.test_vixsrc_integration" name="test_admin_settings_vixsrc_toggle" time="0.537" /><testcase classname="tests.test_vixsrc_integration" name="test_public_sections" time="0.089" /><testcase classname="tests.test_vixsrc_integration" name="test_tmdb_backed_row" time="0.417"><failure message="AssertionError: no TMDB-backed row returned items. last tried: ('/api/tmdb/trending/all/week', 404, '{&quot;detail&quot;:&quot;Not Found&quot;}')&#10;assert False">backend/tests/test_vixsrc_integration.py:219: in test_tmdb_backed_row
    assert ok, f"no TMDB-backed row returned items. last tried: {last}"
E   AssertionError: no TMDB-backed row returned items. last tried: ('/api/tmdb/trending/all/week', 404, '{"detail":"Not Found"}')
E   assert False</failure></testcase></testsuite></testsuites>