<?xml version="1.0" encoding="utf-8"?><testsuites name="pytest tests"><testsuite name="pytest" errors="0" failures="0" skipped="0" tests="6" time="2.505" timestamp="2026-09-04T19:12:02.107452+00:00" hostname="agent-env-a939b60f-d157-484c-9eaf-b374ae3f98ba"><testcase classname="backend.tests.test_watch_progress" name="test_watch_progress_skipped_when_below_threshold" time="1.119" /><testcase classname="backend.tests.test_watch_progress" name="test_watch_progress_saved_at_threshold_10s" time="0.266" /><testcase classname="backend.tests.test_watch_progress" name="test_watch_progress_get_single" time="0.321" /><testcase classname="backend.tests.test_watch_progress" name="test_watch_progress_list_contains_item" time="0.212" /><testcase classname="backend.tests.test_watch_progress" name="test_watch_progress_requires_auth" time="0.191" /><testcase classname="backend.tests.test_watch_progress" name="test_trending_enriched" time="0.324" /></testsuite></testsuites>